<?xml version="1.0" encoding="UTF-8" ?>
<testsuites name="vitest tests" tests="68" failures="0" errors="0" time="10.228009209">
    <testsuite name="tests/certainty.spec.ts" timestamp="2026-08-30T17:10:50.358Z" hostname="quyn28654s-Mac-mini.local" tests="5" failures="0" errors="0" skipped="0" time="0.0039005">
        <testcase classname="tests/certainty.spec.ts" name="TASK-021 — certainty badges &gt; has a label for every rung of the ladder, in ladder order" time="0.001081208">
        </testcase>
        <testcase classname="tests/certainty.spec.ts" name="TASK-021 — certainty badges &gt; matches the glossary word for word" time="0.0006025">
        </testcase>
        <testcase classname="tests/certainty.spec.ts" name="TASK-021 — certainty badges &gt; does not rely on colour alone — every label carries a word and a distinct glyph" time="0.000726875">
        </testcase>
        <testcase classname="tests/certainty.spec.ts" name="TASK-021 — certainty badges &gt; meets WCAG AA against its own background and against the page" time="0.000419208">
        </testcase>
        <testcase classname="tests/certainty.spec.ts" name="TASK-021 — certainty badges &gt; keeps the ladder distinguishable without colour, by luminance order" time="0.000113416">
        </testcase>
    </testsuite>
    <testsuite name="tests/conflict.spec.ts" timestamp="2026-08-30T17:10:50.360Z" hostname="quyn28654s-Mac-mini.local" tests="9" failures="0" errors="0" skipped="0" time="2.060170875">
        <testcase classname="tests/conflict.spec.ts" name="TASK-014 — detecting and recording conflicts &gt; refuses a conflict the data does not support, and writes nothing" time="1.831323458">
        </testcase>
        <testcase classname="tests/conflict.spec.ts" name="TASK-014 — detecting and recording conflicts &gt; joins three disagreeing recollections into ONE conflict, not three pairs" time="0.051645584">
        </testcase>
        <testcase classname="tests/conflict.spec.ts" name="TASK-014 — detecting and recording conflicts &gt; leaves no path for an agent to close a conflict" time="0.041943416">
        </testcase>
        <testcase classname="tests/conflict.spec.ts" name="TASK-014 — detecting and recording conflicts &gt; does not report two compatible claims about different places as a contradiction" time="0.029920209">
        </testcase>
        <testcase classname="tests/conflict.spec.ts" name="TASK-009 — the audit trail &gt; loses both the command and its audit row when the write fails" time="0.030457167">
        </testcase>
        <testcase classname="tests/conflict.spec.ts" name="TASK-009 — the audit trail &gt; records a blocked operation, with its reason and the constraint that fired" time="0.0178315">
        </testcase>
        <testcase classname="tests/conflict.spec.ts" name="TASK-009 — the audit trail &gt; records a refusal raised before the database is touched" time="0.016977416">
        </testcase>
        <testcase classname="tests/conflict.spec.ts" name="TASK-009 — the audit trail &gt; stamps the actor from the database, not from what the caller claims" time="0.020527208">
        </testcase>
        <testcase classname="tests/conflict.spec.ts" name="TASK-009 — the audit trail &gt; lets the sequence of what happened be reconstructed in order" time="0.018313">
        </testcase>
    </testsuite>
    <testsuite name="tests/core-loop.spec.ts" timestamp="2026-08-30T17:10:50.361Z" hostname="quyn28654s-Mac-mini.local" tests="4" failures="0" errors="0" skipped="0" time="2.011191584">
        <testcase classname="tests/core-loop.spec.ts" name="TASK-025 — the demo core in one pass &gt; runs the whole chain, and resolve_claim exists only in the middle of it" time="1.925523042">
        </testcase>
        <testcase classname="tests/core-loop.spec.ts" name="TASK-025 — the demo core in one pass &gt; records the full chain in the audit trail, with registered_because" time="0.029850833">
        </testcase>
        <testcase classname="tests/core-loop.spec.ts" name="TASK-008 — the button and the tool are the same function &gt; refuses a non-member claim identically down both paths" time="0.032095125">
        </testcase>
        <testcase classname="tests/core-loop.spec.ts" name="TASK-008 — the button and the tool are the same function &gt; leaves no half state when a command fails" time="0.023096167">
        </testcase>
    </testsuite>
    <testsuite name="tests/handlers.spec.ts" timestamp="2026-08-30T17:10:50.361Z" hostname="quyn28654s-Mac-mini.local" tests="9" failures="0" errors="0" skipped="0" time="2.042598375">
        <testcase classname="tests/handlers.spec.ts" name="TASK-011 — the eight handlers &gt; implements every tool the contract advertises" time="1.8602795">
        </testcase>
        <testcase classname="tests/handlers.spec.ts" name="TASK-011 — the eight handlers &gt; turns badly typed arguments into a structured error, not a crash" time="0.027080541">
        </testcase>
        <testcase classname="tests/handlers.spec.ts" name="TASK-011 — the eight handlers &gt; keeps the fields the descriptor advertises instead of dropping them" time="0.020939625">
        </testcase>
        <testcase classname="tests/handlers.spec.ts" name="TASK-011 — the eight handlers &gt; reports the certainty the row actually got, not a hardcoded one" time="0.013663875">
        </testcase>
        <testcase classname="tests/handlers.spec.ts" name="TASK-011 — the eight handlers &gt; says a disagreement exists without saying which claim is right" time="0.034696667">
        </testcase>
        <testcase classname="tests/handlers.spec.ts" name="TASK-011 — the eight handlers &gt; flag_conflict returns the claims in dispute and no winner" time="0.023471625">
        </testcase>
        <testcase classname="tests/handlers.spec.ts" name="TASK-023 — a story card cannot overstate itself &gt; carries the weakest label among the claims it stands on" time="0.022178417">
        </testcase>
        <testcase classname="tests/handlers.spec.ts" name="TASK-023 — a story card cannot overstate itself &gt; is not swayed by how well the card is written" time="0.025866208">
        </testcase>
        <testcase classname="tests/handlers.spec.ts" name="TASK-023 — a story card cannot overstate itself &gt; refuses to cite a claim that does not exist" time="0.012922833">
        </testcase>
    </testsuite>
    <testsuite name="tests/i18n.spec.ts" timestamp="2026-08-30T17:10:50.362Z" hostname="quyn28654s-Mac-mini.local" tests="8" failures="0" errors="0" skipped="0" time="0.0055715">
        <testcase classname="tests/i18n.spec.ts" name="the resource files &gt; carry the same keys in both languages" time="0.000875041">
        </testcase>
        <testcase classname="tests/i18n.spec.ts" name="the resource files &gt; has no empty string anywhere" time="0.001887041">
        </testcase>
        <testcase classname="tests/i18n.spec.ts" name="the resource files &gt; translates the same key differently in the two languages" time="0.000146166">
        </testcase>
        <testcase classname="tests/i18n.spec.ts" name="i18next itself &gt; resolves a key in both languages" time="0.000962958">
        </testcase>
        <testcase classname="tests/i18n.spec.ts" name="i18next itself &gt; interpolates the circa year rather than concatenating it by hand" time="0.000217666">
        </testcase>
        <testcase classname="tests/i18n.spec.ts" name="i18next itself &gt; uses real plural rules, not a hand-written pair" time="0.000509708">
        </testcase>
        <testcase classname="tests/i18n.spec.ts" name="i18next itself &gt; falls back to Vietnamese, because English is the translation here" time="0.000307333">
        </testcase>
        <testcase classname="tests/i18n.spec.ts" name="i18next itself &gt; narrows a regional tag to a supported language" time="0.000128209">
        </testcase>
    </testsuite>
    <testsuite name="tests/modelContext.spec.ts" timestamp="2026-08-30T17:10:50.362Z" hostname="quyn28654s-Mac-mini.local" tests="5" failures="0" errors="0" skipped="0" time="0.007285041">
        <testcase classname="tests/modelContext.spec.ts" name="ModelContextBridge.provide — per-tool fallback &gt; withdraws a tool that is no longer in the set" time="0.001055584">
        </testcase>
        <testcase classname="tests/modelContext.spec.ts" name="ModelContextBridge.provide — per-tool fallback &gt; does not unregister a tool that is still current" time="0.000103916">
        </testcase>
        <testcase classname="tests/modelContext.spec.ts" name="ModelContextBridge.provide — per-tool fallback &gt; survives three successive sets without leaking a stale tool" time="0.000101125">
        </testcase>
        <testcase classname="tests/modelContext.spec.ts" name="ModelContextBridge.provide — whole-set host &gt; hands over exactly the current set, replacing the last one" time="0.000083875">
        </testcase>
        <testcase classname="tests/modelContext.spec.ts" name="ModelContextBridge — no host at all &gt; still records the set so the manual tool panel can render it" time="0.000073708">
        </testcase>
    </testsuite>
    <testsuite name="tests/navigation.spec.ts" timestamp="2026-08-30T17:10:50.363Z" hostname="quyn28654s-Mac-mini.local" tests="6" failures="0" errors="0" skipped="0" time="2.033093334">
        <testcase classname="tests/navigation.spec.ts" name="the road has somewhere to go &gt; offers more than one station before anything is torn" time="1.904828666">
        </testcase>
        <testcase classname="tests/navigation.spec.ts" name="the road has somewhere to go &gt; travels forward station by station while the way is clear" time="0.026079542">
        </testcase>
        <testcase classname="tests/navigation.spec.ts" name="the wedge refuses every route &gt; stops forward travel at the tear" time="0.02553575">
        </testcase>
        <testcase classname="tests/navigation.spec.ts" name="the wedge refuses every route &gt; stops the SPINE at the tear too — the bug this file exists for" time="0.028373583">
        </testcase>
        <testcase classname="tests/navigation.spec.ts" name="the wedge refuses every route &gt; never traps the reader — backward is always allowed" time="0.023663125">
        </testcase>
        <testcase classname="tests/navigation.spec.ts" name="the wedge refuses every route &gt; opens the way again once a person settles it" time="0.022811459">
        </testcase>
    </testsuite>
    <testsuite name="tests/panels.spec.ts" timestamp="2026-08-30T17:10:50.363Z" hostname="quyn28654s-Mac-mini.local" tests="7" failures="0" errors="0" skipped="0" time="0.010605833">
        <testcase classname="tests/panels.spec.ts" name="TASK-024 — the audit panel &gt; has a readable sentence for every tool an agent can call" time="0.00853425">
        </testcase>
        <testcase classname="tests/panels.spec.ts" name="TASK-024 — the audit panel &gt; has one for the commands that are not tools but still audit" time="0.000102208">
        </testcase>
        <testcase classname="tests/panels.spec.ts" name="TASK-024 — the audit panel &gt; phrases every operation in both languages" time="0.000796792">
        </testcase>
        <testcase classname="tests/panels.spec.ts" name="TASK-024 — the audit panel &gt; never renders the raw args object into the sentence" time="0.000077667">
        </testcase>
        <testcase classname="tests/panels.spec.ts" name="TASK-022 — the evidence panel &gt; orders a contradicting source before a supporting one" time="0.000380875">
        </testcase>
        <testcase classname="tests/panels.spec.ts" name="TASK-022 — the evidence panel &gt; renders verbatim as its own node, with nothing that could clip it" time="0.000080542">
        </testcase>
        <testcase classname="tests/panels.spec.ts" name="TASK-022 — the evidence panel &gt; labels every stance and source kind in both languages" time="0.000124">
        </testcase>
    </testsuite>
    <testsuite name="tests/registry.spec.ts" timestamp="2026-08-30T17:10:50.363Z" hostname="quyn28654s-Mac-mini.local" tests="7" failures="0" errors="0" skipped="0" time="0.001838917">
        <testcase classname="tests/registry.spec.ts" name="toolsFor(uiState) &gt; always exposes the five base tools" time="0.000684833">
        </testcase>
        <testcase classname="tests/registry.spec.ts" name="toolsFor(uiState) &gt; does not expose flag_conflict for a subject with no disagreement" time="0.000343833">
        </testcase>
        <testcase classname="tests/registry.spec.ts" name="toolsFor(uiState) &gt; exposes flag_conflict once the open subject has a disagreement" time="0.000069">
        </testcase>
        <testcase classname="tests/registry.spec.ts" name="toolsFor(uiState) &gt; does NOT expose resolve_claim merely because a person is open" time="0.000061916">
        </testcase>
        <testcase classname="tests/registry.spec.ts" name="toolsFor(uiState) &gt; exposes resolve_claim only while that conflict is on screen" time="0.000092125">
        </testcase>
        <testcase classname="tests/registry.spec.ts" name="toolsFor(uiState) &gt; withdraws resolve_claim once the conflict is closed" time="0.0000575">
        </testcase>
        <testcase classname="tests/registry.spec.ts" name="toolsFor(uiState) &gt; drops all three conditional tools on returning to the archive" time="0.000086208">
        </testcase>
    </testsuite>
    <testsuite name="tests/spreads.spec.ts" timestamp="2026-08-30T17:10:50.364Z" hostname="quyn28654s-Mac-mini.local" tests="8" failures="0" errors="0" skipped="0" time="2.05175325">
        <testcase classname="tests/spreads.spec.ts" name="spreads — the spine &gt; puts the two disputed claims on ONE spread, not two" time="1.83093025">
        </testcase>
        <testcase classname="tests/spreads.spec.ts" name="spreads — the spine &gt; gives the road somewhere to go" time="0.059434042">
        </testcase>
        <testcase classname="tests/spreads.spec.ts" name="spreads — the spine &gt; gives a different assertion its own spread" time="0.024199583">
        </testcase>
        <testcase classname="tests/spreads.spec.ts" name="spreads — the spine &gt; orders the spine by year" time="0.022798625">
        </testcase>
        <testcase classname="tests/spreads.spec.ts" name="TASK-018 — the tear appears if and only if a conflict is open &gt; is absent while the disagreement is merely latent" time="0.014923458">
        </testcase>
        <testcase classname="tests/spreads.spec.ts" name="TASK-018 — the tear appears if and only if a conflict is open &gt; appears once the conflict is recorded" time="0.025824583">
        </testcase>
        <testcase classname="tests/spreads.spec.ts" name="TASK-018 — the tear appears if and only if a conflict is open &gt; shows both competing claims, with no winner marked in the data" time="0.026472375">
        </testcase>
        <testcase classname="tests/spreads.spec.ts" name="TASK-019 — healing &gt; heals only once the conflict is resolved, and names the person" time="0.046251125">
        </testcase>
    </testsuite>
</testsuites>
