<?xml version="1.0" encoding="UTF-8" ?>
<testsuites name="vitest tests" tests="42" failures="0" errors="0" time="3.0576815">
    <testsuite name="tests/certainty.spec.ts" timestamp="2026-08-30T09:06:40.650Z" hostname="quyn28654s-Mac-mini.local" tests="5" failures="0" errors="0" skipped="0" time="0.001883666">
        <testcase classname="tests/certainty.spec.ts" name="TASK-021 — certainty badges &gt; has a label for every rung of the ladder, in ladder order" time="0.000517875">
        </testcase>
        <testcase classname="tests/certainty.spec.ts" name="TASK-021 — certainty badges &gt; matches the glossary word for word" time="0.000275583">
        </testcase>
        <testcase classname="tests/certainty.spec.ts" name="TASK-021 — certainty badges &gt; does not rely on colour alone — every label carries a word and a distinct glyph" time="0.000375417">
        </testcase>
        <testcase classname="tests/certainty.spec.ts" name="TASK-021 — certainty badges &gt; meets WCAG AA against its own background and against the page" time="0.000193542">
        </testcase>
        <testcase classname="tests/certainty.spec.ts" name="TASK-021 — certainty badges &gt; keeps the ladder distinguishable without colour, by luminance order" time="0.000061375">
        </testcase>
    </testsuite>
    <testsuite name="tests/conflict.spec.ts" timestamp="2026-08-30T09:06:40.651Z" hostname="quyn28654s-Mac-mini.local" tests="9" failures="0" errors="0" skipped="0" time="1.525951167">
        <testcase classname="tests/conflict.spec.ts" name="TASK-014 — detecting and recording conflicts &gt; refuses a conflict the data does not support, and writes nothing" time="1.382069458">
        </testcase>
        <testcase classname="tests/conflict.spec.ts" name="TASK-014 — detecting and recording conflicts &gt; joins three disagreeing recollections into ONE conflict, not three pairs" time="0.030053125">
        </testcase>
        <testcase classname="tests/conflict.spec.ts" name="TASK-014 — detecting and recording conflicts &gt; leaves no path for an agent to close a conflict" time="0.021088833">
        </testcase>
        <testcase classname="tests/conflict.spec.ts" name="TASK-014 — detecting and recording conflicts &gt; does not report two compatible claims about different places as a contradiction" time="0.014518375">
        </testcase>
        <testcase classname="tests/conflict.spec.ts" name="TASK-009 — the audit trail &gt; loses both the command and its audit row when the write fails" time="0.017017125">
        </testcase>
        <testcase classname="tests/conflict.spec.ts" name="TASK-009 — the audit trail &gt; records a blocked operation, with its reason and the constraint that fired" time="0.015860833">
        </testcase>
        <testcase classname="tests/conflict.spec.ts" name="TASK-009 — the audit trail &gt; records a refusal raised before the database is touched" time="0.016060083">
        </testcase>
        <testcase classname="tests/conflict.spec.ts" name="TASK-009 — the audit trail &gt; stamps the actor from the database, not from what the caller claims" time="0.013047">
        </testcase>
        <testcase classname="tests/conflict.spec.ts" name="TASK-009 — the audit trail &gt; lets the sequence of what happened be reconstructed in order" time="0.015381791">
        </testcase>
    </testsuite>
    <testsuite name="tests/handlers.spec.ts" timestamp="2026-08-30T09:06:40.652Z" hostname="quyn28654s-Mac-mini.local" tests="9" failures="0" errors="0" skipped="0" time="1.523428625">
        <testcase classname="tests/handlers.spec.ts" name="TASK-011 — the eight handlers &gt; implements every tool the contract advertises" time="1.398806291">
        </testcase>
        <testcase classname="tests/handlers.spec.ts" name="TASK-011 — the eight handlers &gt; turns badly typed arguments into a structured error, not a crash" time="0.015926125">
        </testcase>
        <testcase classname="tests/handlers.spec.ts" name="TASK-011 — the eight handlers &gt; keeps the fields the descriptor advertises instead of dropping them" time="0.015060375">
        </testcase>
        <testcase classname="tests/handlers.spec.ts" name="TASK-011 — the eight handlers &gt; reports the certainty the row actually got, not a hardcoded one" time="0.016389459">
        </testcase>
        <testcase classname="tests/handlers.spec.ts" name="TASK-011 — the eight handlers &gt; says a disagreement exists without saying which claim is right" time="0.015590875">
        </testcase>
        <testcase classname="tests/handlers.spec.ts" name="TASK-011 — the eight handlers &gt; flag_conflict returns the claims in dispute and no winner" time="0.019250541">
        </testcase>
        <testcase classname="tests/handlers.spec.ts" name="TASK-023 — a story card cannot overstate itself &gt; carries the weakest label among the claims it stands on" time="0.015094625">
        </testcase>
        <testcase classname="tests/handlers.spec.ts" name="TASK-023 — a story card cannot overstate itself &gt; is not swayed by how well the card is written" time="0.012478375">
        </testcase>
        <testcase classname="tests/handlers.spec.ts" name="TASK-023 — a story card cannot overstate itself &gt; refuses to cite a claim that does not exist" time="0.01372325">
        </testcase>
    </testsuite>
    <testsuite name="tests/modelContext.spec.ts" timestamp="2026-08-30T09:06:40.653Z" hostname="quyn28654s-Mac-mini.local" tests="5" failures="0" errors="0" skipped="0" time="0.00160625">
        <testcase classname="tests/modelContext.spec.ts" name="ModelContextBridge.provide — per-tool fallback &gt; withdraws a tool that is no longer in the set" time="0.000807541">
        </testcase>
        <testcase classname="tests/modelContext.spec.ts" name="ModelContextBridge.provide — per-tool fallback &gt; does not unregister a tool that is still current" time="0.000084708">
        </testcase>
        <testcase classname="tests/modelContext.spec.ts" name="ModelContextBridge.provide — per-tool fallback &gt; survives three successive sets without leaking a stale tool" time="0.000094375">
        </testcase>
        <testcase classname="tests/modelContext.spec.ts" name="ModelContextBridge.provide — whole-set host &gt; hands over exactly the current set, replacing the last one" time="0.000082292">
        </testcase>
        <testcase classname="tests/modelContext.spec.ts" name="ModelContextBridge — no host at all &gt; still records the set so the manual tool panel can render it" time="0.000073375">
        </testcase>
    </testsuite>
    <testsuite name="tests/panels.spec.ts" timestamp="2026-08-30T09:06:40.653Z" hostname="quyn28654s-Mac-mini.local" tests="7" failures="0" errors="0" skipped="0" time="0.002688667">
        <testcase classname="tests/panels.spec.ts" name="TASK-024 — the audit panel &gt; has a readable sentence for every tool an agent can call" time="0.000597958">
        </testcase>
        <testcase classname="tests/panels.spec.ts" name="TASK-024 — the audit panel &gt; has one for the commands that are not tools but still audit" time="0.000071208">
        </testcase>
        <testcase classname="tests/panels.spec.ts" name="TASK-024 — the audit panel &gt; phrases every operation in both languages" time="0.000958209">
        </testcase>
        <testcase classname="tests/panels.spec.ts" name="TASK-024 — the audit panel &gt; never renders the raw args object into the sentence" time="0.000043042">
        </testcase>
        <testcase classname="tests/panels.spec.ts" name="TASK-022 — the evidence panel &gt; orders a contradicting source before a supporting one" time="0.000363417">
        </testcase>
        <testcase classname="tests/panels.spec.ts" name="TASK-022 — the evidence panel &gt; renders verbatim as its own node, with nothing that could clip it" time="0.000077917">
        </testcase>
        <testcase classname="tests/panels.spec.ts" name="TASK-022 — the evidence panel &gt; labels every stance and source kind in both languages" time="0.000071333">
        </testcase>
    </testsuite>
    <testsuite name="tests/registry.spec.ts" timestamp="2026-08-30T09:06:40.653Z" hostname="quyn28654s-Mac-mini.local" tests="7" failures="0" errors="0" skipped="0" time="0.002123125">
        <testcase classname="tests/registry.spec.ts" name="toolsFor(uiState) &gt; always exposes the five base tools" time="0.000842584">
        </testcase>
        <testcase classname="tests/registry.spec.ts" name="toolsFor(uiState) &gt; does not expose flag_conflict for a subject with no disagreement" time="0.00037625">
        </testcase>
        <testcase classname="tests/registry.spec.ts" name="toolsFor(uiState) &gt; exposes flag_conflict once the open subject has a disagreement" time="0.000072916">
        </testcase>
        <testcase classname="tests/registry.spec.ts" name="toolsFor(uiState) &gt; does NOT expose resolve_claim merely because a person is open" time="0.000061041">
        </testcase>
        <testcase classname="tests/registry.spec.ts" name="toolsFor(uiState) &gt; exposes resolve_claim only while that conflict is on screen" time="0.000082709">
        </testcase>
        <testcase classname="tests/registry.spec.ts" name="toolsFor(uiState) &gt; withdraws resolve_claim once the conflict is closed" time="0.000056292">
        </testcase>
        <testcase classname="tests/registry.spec.ts" name="toolsFor(uiState) &gt; drops all three conditional tools on returning to the archive" time="0.000090791">
        </testcase>
    </testsuite>
</testsuites>
