<?xml version="1.0" encoding="UTF-8" ?>
<testsuites name="vitest tests" tests="159" failures="0" errors="0" time="43.383340583">
    <testsuite name="tests/backstage.spec.ts" timestamp="2026-08-31T11:27:56.162Z" hostname="quyn28654s-Mac-mini.local" tests="6" failures="0" errors="0" skipped="0" time="4.648195">
        <testcase classname="tests/backstage.spec.ts" name="the second entrance &gt; is refused by Postgres in Postgres’ own words, not in ours" time="4.335687667">
        </testcase>
        <testcase classname="tests/backstage.spec.ts" name="the second entrance &gt; writes the attempt into the audit, marked refused and stamped agent" time="0.111804209">
        </testcase>
        <testcase classname="tests/backstage.spec.ts" name="what the drawer must still contain &gt; offers every tool the contract advertises, so nothing was lost in the move" time="0.056201">
        </testcase>
        <testcase classname="tests/backstage.spec.ts" name="what the drawer must still contain &gt; names both Postgres roles somewhere a judge can read them" time="0.031360166">
        </testcase>
        <testcase classname="tests/backstage.spec.ts" name="what a family member reads &gt; has a word for every predicate the seeded archive uses" time="0.052686458">
        </testcase>
        <testcase classname="tests/backstage.spec.ts" name="what a family member reads &gt; says what the archive is in both languages, not only in English" time="0.059190834">
        </testcase>
    </testsuite>
    <testsuite name="tests/blankPage.spec.ts" timestamp="2026-08-31T11:27:56.163Z" hostname="quyn28654s-Mac-mini.local" tests="8" failures="0" errors="0" skipped="0" time="1.272434958">
        <testcase classname="tests/blankPage.spec.ts" name="only a person may answer &gt; refuses the agent at the database, not in the component" time="1.162854708">
        </testcase>
        <testcase classname="tests/blankPage.spec.ts" name="only a person may answer &gt; lets a person answer, and keeps their words exactly" time="0.018069375">
        </testcase>
        <testcase classname="tests/blankPage.spec.ts" name="what the page refuses before Postgres has to &gt; will not record an answer with no words in it" time="0.013717334">
        </testcase>
        <testcase classname="tests/blankPage.spec.ts" name="what the page refuses before Postgres has to &gt; will not record an oral account with nobody behind it" time="0.013387375">
        </testcase>
        <testcase classname="tests/blankPage.spec.ts" name="what the page refuses before Postgres has to &gt; will not let the same question be answered twice" time="0.014032209">
        </testcase>
        <testcase classname="tests/blankPage.spec.ts" name="what the page refuses before Postgres has to &gt; records every refusal, so a blocked answer is still an event" time="0.016283208">
        </testcase>
        <testcase classname="tests/blankPage.spec.ts" name="the ring goes out &gt; is a gap while the question is open, and not one afterwards" time="0.016888458">
        </testcase>
        <testcase classname="tests/blankPage.spec.ts" name="the ring goes out &gt; leaves the answer attached to the memory it was asked about" time="0.015603083">
        </testcase>
    </testsuite>
    <testsuite name="tests/bookSearch.spec.ts" timestamp="2026-08-31T11:27:56.164Z" hostname="quyn28654s-Mac-mini.local" tests="14" failures="0" errors="0" skipped="0" time="4.870188333">
        <testcase classname="tests/bookSearch.spec.ts" name="folding a Vietnamese word down to what a family will type &gt; strips the tone marks" time="4.165821291">
        </testcase>
        <testcase classname="tests/bookSearch.spec.ts" name="folding a Vietnamese word down to what a family will type &gt; handles đ, which NFD does not decompose because it is its own letter" time="0.123670458">
        </testcase>
        <testcase classname="tests/bookSearch.spec.ts" name="folding a Vietnamese word down to what a family will type &gt; leaves plain text alone" time="0.020620333">
        </testcase>
        <testcase classname="tests/bookSearch.spec.ts" name="what the book marks &gt; finds a place typed without its diacritics" time="0.088916416">
        </testcase>
        <testcase classname="tests/bookSearch.spec.ts" name="what the book marks &gt; finds a person the same way" time="0.038588042">
        </testcase>
        <testcase classname="tests/bookSearch.spec.ts" name="what the book marks &gt; finds a year" time="0.031324167">
        </testcase>
        <testcase classname="tests/bookSearch.spec.ts" name="what the book marks &gt; finds what a source actually said, not only the claim" time="0.031642542">
        </testcase>
        <testcase classname="tests/bookSearch.spec.ts" name="what the book marks &gt; marks nothing at all for a question that matches nothing" time="0.045303459">
        </testcase>
        <testcase classname="tests/bookSearch.spec.ts" name="what the book marks &gt; marks nothing for an empty question rather than everything" time="0.036166625">
        </testcase>
        <testcase classname="tests/bookSearch.spec.ts" name="what the book marks &gt; never slides out more ribbons than the spine holds" time="0.039447917">
        </testcase>
        <testcase classname="tests/bookSearch.spec.ts" name="what the book marks &gt; numbers a page from one, the way a book does" time="0.049165833">
        </testcase>
        <testcase classname="tests/bookSearch.spec.ts" name="how sure an assembled answer is &gt; is the weakest page, not the best of them" time="0.0655315">
        </testcase>
        <testcase classname="tests/bookSearch.spec.ts" name="how sure an assembled answer is &gt; does not let a settled page raise the ones beside it" time="0.075336792">
        </testcase>
        <testcase classname="tests/bookSearch.spec.ts" name="the ribbons obey the wedge like every other route &gt; marks a page beyond the tear, but not as reachable" time="0.057574459">
        </testcase>
    </testsuite>
    <testsuite name="tests/certainty.spec.ts" timestamp="2026-08-31T11:27:56.165Z" hostname="quyn28654s-Mac-mini.local" tests="8" failures="0" errors="0" skipped="0" time="0.013239375">
        <testcase classname="tests/certainty.spec.ts" name="TASK-021 — certainty badges &gt; has a label for every rung of the ladder, in ladder order" time="0.0017745">
        </testcase>
        <testcase classname="tests/certainty.spec.ts" name="TASK-021 — certainty badges &gt; matches the glossary word for word" time="0.001986084">
        </testcase>
        <testcase classname="tests/certainty.spec.ts" name="TASK-021 — certainty badges &gt; does not rely on colour alone — every label carries a word and a distinct glyph" time="0.001391">
        </testcase>
        <testcase classname="tests/certainty.spec.ts" name="TASK-021 — certainty badges &gt; meets WCAG AA against its own background and against the page" time="0.001145375">
        </testcase>
        <testcase classname="tests/certainty.spec.ts" name="TASK-021 — certainty badges &gt; keeps the ladder distinguishable without colour, by luminance order" time="0.00015575">
        </testcase>
        <testcase classname="tests/certainty.spec.ts" name="TASK-034 — the same ladder after dark &gt; meets WCAG AA against the forest ground" time="0.000355708">
        </testcase>
        <testcase classname="tests/certainty.spec.ts" name="TASK-034 — the same ladder after dark &gt; keeps the rungs apart in greyscale here too" time="0.000126208">
        </testcase>
        <testcase classname="tests/certainty.spec.ts" name="TASK-034 — the same ladder after dark &gt; covers the same five rungs as the light palette, and no more" time="0.005186625">
        </testcase>
    </testsuite>
    <testsuite name="tests/conflict.spec.ts" timestamp="2026-08-31T11:27:56.165Z" hostname="quyn28654s-Mac-mini.local" tests="9" failures="0" errors="0" skipped="0" time="4.950085708">
        <testcase classname="tests/conflict.spec.ts" name="TASK-014 — detecting and recording conflicts &gt; refuses a conflict the data does not support, and writes nothing" time="4.507296208">
        </testcase>
        <testcase classname="tests/conflict.spec.ts" name="TASK-014 — detecting and recording conflicts &gt; joins three disagreeing recollections into ONE conflict, not three pairs" time="0.07248425">
        </testcase>
        <testcase classname="tests/conflict.spec.ts" name="TASK-014 — detecting and recording conflicts &gt; leaves no path for an agent to close a conflict" time="0.04604025">
        </testcase>
        <testcase classname="tests/conflict.spec.ts" name="TASK-014 — detecting and recording conflicts &gt; does not report two compatible claims about different places as a contradiction" time="0.03735525">
        </testcase>
        <testcase classname="tests/conflict.spec.ts" name="TASK-009 — the audit trail &gt; loses both the command and its audit row when the write fails" time="0.077351333">
        </testcase>
        <testcase classname="tests/conflict.spec.ts" name="TASK-009 — the audit trail &gt; records a blocked operation, with its reason and the constraint that fired" time="0.04573625">
        </testcase>
        <testcase classname="tests/conflict.spec.ts" name="TASK-009 — the audit trail &gt; records a refusal raised before the database is touched" time="0.0692075">
        </testcase>
        <testcase classname="tests/conflict.spec.ts" name="TASK-009 — the audit trail &gt; stamps the actor from the database, not from what the caller claims" time="0.039592417">
        </testcase>
        <testcase classname="tests/conflict.spec.ts" name="TASK-009 — the audit trail &gt; lets the sequence of what happened be reconstructed in order" time="0.050608">
        </testcase>
    </testsuite>
    <testsuite name="tests/core-loop.spec.ts" timestamp="2026-08-31T11:27:56.166Z" hostname="quyn28654s-Mac-mini.local" tests="4" failures="0" errors="0" skipped="0" time="4.564105375">
        <testcase classname="tests/core-loop.spec.ts" name="TASK-025 — the demo core in one pass &gt; runs the whole chain, and resolve_claim exists only in the middle of it" time="4.3310395">
        </testcase>
        <testcase classname="tests/core-loop.spec.ts" name="TASK-025 — the demo core in one pass &gt; records the full chain in the audit trail, with registered_because" time="0.101606167">
        </testcase>
        <testcase classname="tests/core-loop.spec.ts" name="TASK-008 — the button and the tool are the same function &gt; refuses a non-member claim identically down both paths" time="0.099472875">
        </testcase>
        <testcase classname="tests/core-loop.spec.ts" name="TASK-008 — the button and the tool are the same function &gt; leaves no half state when a command fails" time="0.031402959">
        </testcase>
    </testsuite>
    <testsuite name="tests/forest.spec.ts" timestamp="2026-08-31T11:27:56.166Z" hostname="quyn28654s-Mac-mini.local" tests="23" failures="0" errors="0" skipped="0" time="5.14520925">
        <testcase classname="tests/forest.spec.ts" name="one light per memory &gt; draws every spread and nothing else" time="4.299492875">
        </testcase>
        <testcase classname="tests/forest.spec.ts" name="one light per memory &gt; keeps a light in the same place across renders" time="0.074793583">
        </testcase>
        <testcase classname="tests/forest.spec.ts" name="one light per memory &gt; lays the memories out in the order the family lived them" time="0.080754417">
        </testcase>
        <testcase classname="tests/forest.spec.ts" name="one light per memory &gt; keeps every light inside the picture" time="0.019460416">
        </testcase>
        <testcase classname="tests/forest.spec.ts" name="colour carries certainty &gt; takes the weakest claim holding a memory up" time="0.035949292">
        </testcase>
        <testcase classname="tests/forest.spec.ts" name="colour carries certainty &gt; an open contradiction outranks whatever the claims said" time="0.05157">
        </testcase>
        <testcase classname="tests/forest.spec.ts" name="colour carries certainty &gt; makes the contradiction findable without reading: it flickers faster than anything else" time="0.058779792">
        </testcase>
        <testcase classname="tests/forest.spec.ts" name="the forest is a route, so the wedge holds in it too &gt; lets a reader reach anything while nothing is torn" time="0.072850917">
        </testcase>
        <testcase classname="tests/forest.spec.ts" name="the forest is a route, so the wedge holds in it too &gt; darkens everything behind an open contradiction" time="0.037353">
        </testcase>
        <testcase classname="tests/forest.spec.ts" name="the forest is a route, so the wedge holds in it too &gt; never darkens a memory already behind the reader" time="0.050010583">
        </testcase>
        <testcase classname="tests/forest.spec.ts" name="the forest is a route, so the wedge holds in it too &gt; lights up again once a person settles it" time="0.03486925">
        </testcase>
        <testcase classname="tests/forest.spec.ts" name="the unlit rings are the gaps &gt; draws nothing while nobody has asked anything" time="0.068606333">
        </testcase>
        <testcase classname="tests/forest.spec.ts" name="the unlit rings are the gaps &gt; appears the moment the agent asks instead of deciding" time="0.073825334">
        </testcase>
        <testcase classname="tests/forest.spec.ts" name="the unlit rings are the gaps &gt; an answered question is no longer a gap" time="0.02542325">
        </testcase>
        <testcase classname="tests/forest.spec.ts" name="the budget stated before building &gt; spends fewer lights and one glow layer on a phone" time="0.016930041">
        </testcase>
        <testcase classname="tests/forest.spec.ts" name="the budget stated before building &gt; plants fewer trees on a phone" time="0.018839208">
        </testcase>
        <testcase classname="tests/forest.spec.ts" name="depth &gt; moves the near plane visibly further than the far one" time="0.014921708">
        </testcase>
        <testcase classname="tests/forest.spec.ts" name="depth &gt; moves the scene against the pointer" time="0.012633">
        </testcase>
        <testcase classname="tests/forest.spec.ts" name="the summary line &gt; reports the years the archive actually covers" time="0.024816125">
        </testcase>
        <testcase classname="tests/forest.spec.ts" name="the summary line &gt; says nothing rather than guessing when no year is known" time="0.022132458">
        </testcase>
        <testcase classname="tests/forest.spec.ts" name="placement &gt; hashes into the unit interval" time="0.021925334">
        </testcase>
        <testcase classname="tests/forest.spec.ts" name="TASK-037 — the forest explains itself, or not at all &gt; carries no instruction copy in either language" time="0.012956334">
        </testcase>
        <testcase classname="tests/forest.spec.ts" name="TASK-037 — the forest explains itself, or not at all &gt; still names every light for someone who cannot see it" time="0.014541084">
        </testcase>
    </testsuite>
    <testsuite name="tests/handlers.spec.ts" timestamp="2026-08-31T11:27:56.167Z" hostname="quyn28654s-Mac-mini.local" tests="9" failures="0" errors="0" skipped="0" time="4.678298958">
        <testcase classname="tests/handlers.spec.ts" name="TASK-011 — the eight handlers &gt; implements every tool the contract advertises" time="4.332082875">
        </testcase>
        <testcase classname="tests/handlers.spec.ts" name="TASK-011 — the eight handlers &gt; turns badly typed arguments into a structured error, not a crash" time="0.018185708">
        </testcase>
        <testcase classname="tests/handlers.spec.ts" name="TASK-011 — the eight handlers &gt; keeps the fields the descriptor advertises instead of dropping them" time="0.045526042">
        </testcase>
        <testcase classname="tests/handlers.spec.ts" name="TASK-011 — the eight handlers &gt; reports the certainty the row actually got, not a hardcoded one" time="0.062006042">
        </testcase>
        <testcase classname="tests/handlers.spec.ts" name="TASK-011 — the eight handlers &gt; says a disagreement exists without saying which claim is right" time="0.048195833">
        </testcase>
        <testcase classname="tests/handlers.spec.ts" name="TASK-011 — the eight handlers &gt; flag_conflict returns the claims in dispute and no winner" time="0.025040833">
        </testcase>
        <testcase classname="tests/handlers.spec.ts" name="TASK-023 — a story card cannot overstate itself &gt; carries the weakest label among the claims it stands on" time="0.10019775">
        </testcase>
        <testcase classname="tests/handlers.spec.ts" name="TASK-023 — a story card cannot overstate itself &gt; is not swayed by how well the card is written" time="0.022871334">
        </testcase>
        <testcase classname="tests/handlers.spec.ts" name="TASK-023 — a story card cannot overstate itself &gt; refuses to cite a claim that does not exist" time="0.022964917">
        </testcase>
    </testsuite>
    <testsuite name="tests/i18n.spec.ts" timestamp="2026-08-31T11:27:56.167Z" hostname="quyn28654s-Mac-mini.local" tests="8" failures="0" errors="0" skipped="0" time="0.006925709">
        <testcase classname="tests/i18n.spec.ts" name="the resource files &gt; carry the same keys in both languages" time="0.001022875">
        </testcase>
        <testcase classname="tests/i18n.spec.ts" name="the resource files &gt; has no empty string anywhere" time="0.002839375">
        </testcase>
        <testcase classname="tests/i18n.spec.ts" name="the resource files &gt; translates the same key differently in the two languages" time="0.000202542">
        </testcase>
        <testcase classname="tests/i18n.spec.ts" name="i18next itself &gt; resolves a key in both languages" time="0.000969875">
        </testcase>
        <testcase classname="tests/i18n.spec.ts" name="i18next itself &gt; interpolates the circa year rather than concatenating it by hand" time="0.000227833">
        </testcase>
        <testcase classname="tests/i18n.spec.ts" name="i18next itself &gt; uses real plural rules, not a hand-written pair" time="0.000581333">
        </testcase>
        <testcase classname="tests/i18n.spec.ts" name="i18next itself &gt; falls back to Vietnamese, because English is the translation here" time="0.000326125">
        </testcase>
        <testcase classname="tests/i18n.spec.ts" name="i18next itself &gt; narrows a regional tag to a supported language" time="0.000148291">
        </testcase>
    </testsuite>
    <testsuite name="tests/modelContext.spec.ts" timestamp="2026-08-31T11:27:56.168Z" hostname="quyn28654s-Mac-mini.local" tests="5" failures="0" errors="0" skipped="0" time="0.001781792">
        <testcase classname="tests/modelContext.spec.ts" name="ModelContextBridge.provide — per-tool fallback &gt; withdraws a tool that is no longer in the set" time="0.000860292">
        </testcase>
        <testcase classname="tests/modelContext.spec.ts" name="ModelContextBridge.provide — per-tool fallback &gt; does not unregister a tool that is still current" time="0.000092166">
        </testcase>
        <testcase classname="tests/modelContext.spec.ts" name="ModelContextBridge.provide — per-tool fallback &gt; survives three successive sets without leaking a stale tool" time="0.000096083">
        </testcase>
        <testcase classname="tests/modelContext.spec.ts" name="ModelContextBridge.provide — whole-set host &gt; hands over exactly the current set, replacing the last one" time="0.000077792">
        </testcase>
        <testcase classname="tests/modelContext.spec.ts" name="ModelContextBridge — no host at all &gt; still records the set so the manual tool panel can render it" time="0.000067459">
        </testcase>
    </testsuite>
    <testsuite name="tests/navigation.spec.ts" timestamp="2026-08-31T11:27:56.168Z" hostname="quyn28654s-Mac-mini.local" tests="6" failures="0" errors="0" skipped="0" time="4.351607917">
        <testcase classname="tests/navigation.spec.ts" name="the road has somewhere to go &gt; offers more than one station before anything is torn" time="3.938737083">
        </testcase>
        <testcase classname="tests/navigation.spec.ts" name="the road has somewhere to go &gt; travels forward station by station while the way is clear" time="0.11121825">
        </testcase>
        <testcase classname="tests/navigation.spec.ts" name="the wedge refuses every route &gt; stops forward travel at the tear" time="0.050244417">
        </testcase>
        <testcase classname="tests/navigation.spec.ts" name="the wedge refuses every route &gt; stops the SPINE at the tear too — the bug this file exists for" time="0.099981334">
        </testcase>
        <testcase classname="tests/navigation.spec.ts" name="the wedge refuses every route &gt; never traps the reader — backward is always allowed" time="0.077798708">
        </testcase>
        <testcase classname="tests/navigation.spec.ts" name="the wedge refuses every route &gt; opens the way again once a person settles it" time="0.07255525">
        </testcase>
    </testsuite>
    <testsuite name="tests/pageturn.spec.ts" timestamp="2026-08-31T11:27:56.168Z" hostname="quyn28654s-Mac-mini.local" tests="15" failures="0" errors="0" skipped="0" time="0.002620125">
        <testcase classname="tests/pageturn.spec.ts" name="how far the page has been pulled &gt; is a full turn at half the width, in either direction" time="0.000579083">
        </testcase>
        <testcase classname="tests/pageturn.spec.ts" name="how far the page has been pulled &gt; never runs past a full turn, however far the hand goes" time="0.000071583">
        </testcase>
        <testcase classname="tests/pageturn.spec.ts" name="how far the page has been pulled &gt; is nothing at all before the hand has moved" time="0.000057958">
        </testcase>
        <testcase classname="tests/pageturn.spec.ts" name="how far the page has been pulled &gt; refuses to divide by a book with no width" time="0.000034583">
        </testcase>
        <testcase classname="tests/pageturn.spec.ts" name="when a pull becomes a turn &gt; commits past the threshold and springs back below it" time="0.000098625">
        </testcase>
        <testcase classname="tests/pageturn.spec.ts" name="when a pull becomes a turn &gt; asks for more than a third of the page, so a scroll is never a turn" time="0.000066375">
        </testcase>
        <testcase classname="tests/pageturn.spec.ts" name="when a pull becomes a turn &gt; reads a leftward pull as going forward, the way a right-hand page does" time="0.000051">
        </testcase>
        <testcase classname="tests/pageturn.spec.ts" name="the lifted leaf &gt; lies flat at rest" time="0.000064709">
        </testcase>
        <testcase classname="tests/pageturn.spec.ts" name="the lifted leaf &gt; opens away from the reader when pulled forward, and towards them when pulled back" time="0.000055958">
        </testcase>
        <testcase classname="tests/pageturn.spec.ts" name="the lifted leaf &gt; stops short of flat against the other page, so the fold stays visible" time="0.000042292">
        </testcase>
        <testcase classname="tests/pageturn.spec.ts" name="the lifted leaf &gt; tracks the hand rather than snapping" time="0.000034292">
        </testcase>
        <testcase classname="tests/pageturn.spec.ts" name="shutting the book instead of turning a page &gt; shuts when the hand is pulled down past a quarter of the height" time="0.000062416">
        </testcase>
        <testcase classname="tests/pageturn.spec.ts" name="shutting the book instead of turning a page &gt; never shuts on an upward drag" time="0.000034167">
        </testcase>
        <testcase classname="tests/pageturn.spec.ts" name="shutting the book instead of turning a page &gt; turns rather than shuts when the hand went further sideways" time="0.000049583">
        </testcase>
        <testcase classname="tests/pageturn.spec.ts" name="shutting the book instead of turning a page &gt; does not shut a book that has not been laid out yet" time="0.000028125">
        </testcase>
    </testsuite>
    <testsuite name="tests/panels.spec.ts" timestamp="2026-08-31T11:27:56.169Z" hostname="quyn28654s-Mac-mini.local" tests="7" failures="0" errors="0" skipped="0" time="0.003713875">
        <testcase classname="tests/panels.spec.ts" name="TASK-024 — the audit panel &gt; has a readable sentence for every tool an agent can call" time="0.000649875">
        </testcase>
        <testcase classname="tests/panels.spec.ts" name="TASK-024 — the audit panel &gt; has one for the commands that are not tools but still audit" time="0.000080625">
        </testcase>
        <testcase classname="tests/panels.spec.ts" name="TASK-024 — the audit panel &gt; phrases every operation in both languages" time="0.001616125">
        </testcase>
        <testcase classname="tests/panels.spec.ts" name="TASK-024 — the audit panel &gt; never renders the raw args object into the sentence" time="0.000103167">
        </testcase>
        <testcase classname="tests/panels.spec.ts" name="TASK-022 — the evidence panel &gt; orders a contradicting source before a supporting one" time="0.000428333">
        </testcase>
        <testcase classname="tests/panels.spec.ts" name="TASK-022 — the evidence panel &gt; renders verbatim as its own node, with nothing that could clip it" time="0.00009025">
        </testcase>
        <testcase classname="tests/panels.spec.ts" name="TASK-022 — the evidence panel &gt; labels every stance and source kind in both languages" time="0.000125625">
        </testcase>
    </testsuite>
    <testsuite name="tests/photoDate.spec.ts" timestamp="2026-08-31T11:27:56.169Z" hostname="quyn28654s-Mac-mini.local" tests="15" failures="0" errors="0" skipped="0" time="0.003450166">
        <testcase classname="tests/photoDate.spec.ts" name="sniffing a file by what it is, not what it is called &gt; knows a JPEG, a PNG and a JSON sidecar" time="0.000584792">
        </testcase>
        <testcase classname="tests/photoDate.spec.ts" name="sniffing a file by what it is, not what it is called &gt; sees past leading whitespace and a BOM on a sidecar" time="0.000078458">
        </testcase>
        <testcase classname="tests/photoDate.spec.ts" name="sniffing a file by what it is, not what it is called &gt; says nothing rather than guessing" time="0.000060333">
        </testcase>
        <testcase classname="tests/photoDate.spec.ts" name="reading the shutter time out of a JPEG &gt; reads it in little-endian, which is what a phone writes" time="0.0002215">
        </testcase>
        <testcase classname="tests/photoDate.spec.ts" name="reading the shutter time out of a JPEG &gt; reads it in big-endian too — the byte-order mark is not decoration" time="0.000071958">
        </testcase>
        <testcase classname="tests/photoDate.spec.ts" name="reading the shutter time out of a JPEG &gt; returns nothing for a JPEG that carries no EXIF" time="0.000056166">
        </testcase>
        <testcase classname="tests/photoDate.spec.ts" name="reading the shutter time out of a JPEG &gt; refuses a file that is not a JPEG at all" time="0.000043417">
        </testcase>
        <testcase classname="tests/photoDate.spec.ts" name="reading the shutter time out of a JPEG &gt; does not walk off the end of a truncated file" time="0.000429292">
        </testcase>
        <testcase classname="tests/photoDate.spec.ts" name="the year &gt; comes out of EXIF’s own colon-separated date" time="0.000084">
        </testcase>
        <testcase classname="tests/photoDate.spec.ts" name="the year &gt; is nothing when the string is not a date" time="0.000102833">
        </testcase>
        <testcase classname="tests/photoDate.spec.ts" name="the year &gt; comes out of a Takeout sidecar’s attested capture time" time="0.000517333">
        </testcase>
        <testcase classname="tests/photoDate.spec.ts" name="the year &gt; is nothing when the sidecar has no capture time" time="0.000260375">
        </testcase>
        <testcase classname="tests/photoDate.spec.ts" name="what a photograph is allowed to say &gt; supports a claim whose year it matches" time="0.0001385">
        </testcase>
        <testcase classname="tests/photoDate.spec.ts" name="what a photograph is allowed to say &gt; contradicts one it does not — which is the archive working, not breaking" time="0.000064584">
        </testcase>
        <testcase classname="tests/photoDate.spec.ts" name="what a photograph is allowed to say &gt; says only that it was mentioned when either year is unknown" time="0.000071791">
        </testcase>
    </testsuite>
    <testsuite name="tests/refusal.spec.ts" timestamp="2026-08-31T11:27:56.170Z" hostname="quyn28654s-Mac-mini.local" tests="7" failures="0" errors="0" skipped="0" time="4.816499958">
        <testcase classname="tests/refusal.spec.ts" name="the refusal is a consequence of state, never a decoration &gt; does not exist until a conflict is open" time="4.389694084">
        </testcase>
        <testcase classname="tests/refusal.spec.ts" name="the refusal is a consequence of state, never a decoration &gt; appears the moment one is flagged, on that spread and no other" time="0.038710125">
        </testcase>
        <testcase classname="tests/refusal.spec.ts" name="the refusal is a consequence of state, never a decoration &gt; is gone the moment a person settles it" time="0.120126708">
        </testcase>
        <testcase classname="tests/refusal.spec.ts" name="neither claim is favoured &gt; puts both on the page with nothing marking a winner" time="0.060823">
        </testcase>
        <testcase classname="tests/refusal.spec.ts" name="the button a person presses &gt; reaches a function the agent is refused at, and the refusal is recorded" time="0.090608417">
        </testcase>
        <testcase classname="tests/refusal.spec.ts" name="the button a person presses &gt; succeeds for a person, and writes the name into the record" time="0.049568375">
        </testcase>
        <testcase classname="tests/refusal.spec.ts" name="what the page says &gt; names the refusal and the gesture in both languages" time="0.066002458">
        </testcase>
    </testsuite>
    <testsuite name="tests/registry.spec.ts" timestamp="2026-08-31T11:27:56.170Z" hostname="quyn28654s-Mac-mini.local" tests="7" failures="0" errors="0" skipped="0" time="0.004758667">
        <testcase classname="tests/registry.spec.ts" name="toolsFor(uiState) &gt; always exposes the five base tools" time="0.001657208">
        </testcase>
        <testcase classname="tests/registry.spec.ts" name="toolsFor(uiState) &gt; does not expose flag_conflict for a subject with no disagreement" time="0.000928041">
        </testcase>
        <testcase classname="tests/registry.spec.ts" name="toolsFor(uiState) &gt; exposes flag_conflict once the open subject has a disagreement" time="0.000228959">
        </testcase>
        <testcase classname="tests/registry.spec.ts" name="toolsFor(uiState) &gt; does NOT expose resolve_claim merely because a person is open" time="0.000162">
        </testcase>
        <testcase classname="tests/registry.spec.ts" name="toolsFor(uiState) &gt; exposes resolve_claim only while that conflict is on screen" time="0.000199375">
        </testcase>
        <testcase classname="tests/registry.spec.ts" name="toolsFor(uiState) &gt; withdraws resolve_claim once the conflict is closed" time="0.000126875">
        </testcase>
        <testcase classname="tests/registry.spec.ts" name="toolsFor(uiState) &gt; drops all three conditional tools on returning to the archive" time="0.000214583">
        </testcase>
    </testsuite>
    <testsuite name="tests/spreads.spec.ts" timestamp="2026-08-31T11:27:56.171Z" hostname="quyn28654s-Mac-mini.local" tests="8" failures="0" errors="0" skipped="0" time="4.050225417">
        <testcase classname="tests/spreads.spec.ts" name="spreads — the spine &gt; puts the two disputed claims on ONE spread, not two" time="3.621878">
        </testcase>
        <testcase classname="tests/spreads.spec.ts" name="spreads — the spine &gt; gives the road somewhere to go" time="0.044324583">
        </testcase>
        <testcase classname="tests/spreads.spec.ts" name="spreads — the spine &gt; gives a different assertion its own spread" time="0.094357125">
        </testcase>
        <testcase classname="tests/spreads.spec.ts" name="spreads — the spine &gt; orders the spine by year" time="0.068496917">
        </testcase>
        <testcase classname="tests/spreads.spec.ts" name="TASK-018 — the tear appears if and only if a conflict is open &gt; is absent while the disagreement is merely latent" time="0.036415708">
        </testcase>
        <testcase classname="tests/spreads.spec.ts" name="TASK-018 — the tear appears if and only if a conflict is open &gt; appears once the conflict is recorded" time="0.059361209">
        </testcase>
        <testcase classname="tests/spreads.spec.ts" name="TASK-018 — the tear appears if and only if a conflict is open &gt; shows both competing claims, with no winner marked in the data" time="0.042306708">
        </testcase>
        <testcase classname="tests/spreads.spec.ts" name="TASK-019 — healing &gt; heals only once the conflict is resolved, and names the person" time="0.081232333">
        </testcase>
    </testsuite>
</testsuites>
