<?xml version="1.0" encoding="UTF-8" ?>
<testsuites name="vitest tests" tests="178" failures="0" errors="0" time="74.658871751">
    <testsuite name="tests/backstage.spec.ts" timestamp="2026-08-31T15:39:48.276Z" hostname="quyn28654s-Mac-mini.local" tests="6" failures="0" errors="0" skipped="0" time="7.720447292">
        <testcase classname="tests/backstage.spec.ts" name="the second entrance &gt; is refused by Postgres in Postgres’ own words, not in ours" time="7.189762666">
        </testcase>
        <testcase classname="tests/backstage.spec.ts" name="the second entrance &gt; writes the attempt into the audit, marked refused and stamped agent" time="0.152515917">
        </testcase>
        <testcase classname="tests/backstage.spec.ts" name="what the drawer must still contain &gt; offers every tool the contract advertises, so nothing was lost in the move" time="0.109175041">
        </testcase>
        <testcase classname="tests/backstage.spec.ts" name="what the drawer must still contain &gt; names both Postgres roles somewhere a judge can read them" time="0.071949333">
        </testcase>
        <testcase classname="tests/backstage.spec.ts" name="what a family member reads &gt; has a word for every predicate the seeded archive uses" time="0.105274042">
        </testcase>
        <testcase classname="tests/backstage.spec.ts" name="what a family member reads &gt; says what the archive is in both languages, not only in English" time="0.089441584">
        </testcase>
    </testsuite>
    <testsuite name="tests/blankPage.spec.ts" timestamp="2026-08-31T15:39:48.277Z" hostname="quyn28654s-Mac-mini.local" tests="8" failures="0" errors="0" skipped="0" time="2.414897042">
        <testcase classname="tests/blankPage.spec.ts" name="only a person may answer &gt; refuses the agent at the database, not in the component" time="2.110306625">
        </testcase>
        <testcase classname="tests/blankPage.spec.ts" name="only a person may answer &gt; lets a person answer, and keeps their words exactly" time="0.052385167">
        </testcase>
        <testcase classname="tests/blankPage.spec.ts" name="what the page refuses before Postgres has to &gt; will not record an answer with no words in it" time="0.042078209">
        </testcase>
        <testcase classname="tests/blankPage.spec.ts" name="what the page refuses before Postgres has to &gt; will not record an oral account with nobody behind it" time="0.0407985">
        </testcase>
        <testcase classname="tests/blankPage.spec.ts" name="what the page refuses before Postgres has to &gt; will not let the same question be answered twice" time="0.040254083">
        </testcase>
        <testcase classname="tests/blankPage.spec.ts" name="what the page refuses before Postgres has to &gt; records every refusal, so a blocked answer is still an event" time="0.047902375">
        </testcase>
        <testcase classname="tests/blankPage.spec.ts" name="the ring goes out &gt; is a gap while the question is open, and not one afterwards" time="0.045610708">
        </testcase>
        <testcase classname="tests/blankPage.spec.ts" name="the ring goes out &gt; leaves the answer attached to the memory it was asked about" time="0.03439975">
        </testcase>
    </testsuite>
    <testsuite name="tests/bookSearch.spec.ts" timestamp="2026-08-31T15:39:48.279Z" hostname="quyn28654s-Mac-mini.local" tests="14" failures="0" errors="0" skipped="0" time="8.406653625">
        <testcase classname="tests/bookSearch.spec.ts" name="folding a Vietnamese word down to what a family will type &gt; strips the tone marks" time="7.088859459">
        </testcase>
        <testcase classname="tests/bookSearch.spec.ts" name="folding a Vietnamese word down to what a family will type &gt; handles đ, which NFD does not decompose because it is its own letter" time="0.149814667">
        </testcase>
        <testcase classname="tests/bookSearch.spec.ts" name="folding a Vietnamese word down to what a family will type &gt; leaves plain text alone" time="0.125595084">
        </testcase>
        <testcase classname="tests/bookSearch.spec.ts" name="what the book marks &gt; finds a place typed without its diacritics" time="0.083704333">
        </testcase>
        <testcase classname="tests/bookSearch.spec.ts" name="what the book marks &gt; finds a person the same way" time="0.083337417">
        </testcase>
        <testcase classname="tests/bookSearch.spec.ts" name="what the book marks &gt; finds a year" time="0.07404475">
        </testcase>
        <testcase classname="tests/bookSearch.spec.ts" name="what the book marks &gt; finds what a source actually said, not only the claim" time="0.079923541">
        </testcase>
        <testcase classname="tests/bookSearch.spec.ts" name="what the book marks &gt; marks nothing at all for a question that matches nothing" time="0.071232125">
        </testcase>
        <testcase classname="tests/bookSearch.spec.ts" name="what the book marks &gt; marks nothing for an empty question rather than everything" time="0.185355333">
        </testcase>
        <testcase classname="tests/bookSearch.spec.ts" name="what the book marks &gt; never slides out more ribbons than the spine holds" time="0.103382958">
        </testcase>
        <testcase classname="tests/bookSearch.spec.ts" name="what the book marks &gt; numbers a page from one, the way a book does" time="0.128099167">
        </testcase>
        <testcase classname="tests/bookSearch.spec.ts" name="how sure an assembled answer is &gt; is the weakest page, not the best of them" time="0.100486083">
        </testcase>
        <testcase classname="tests/bookSearch.spec.ts" name="how sure an assembled answer is &gt; does not let a settled page raise the ones beside it" time="0.064186458">
        </testcase>
        <testcase classname="tests/bookSearch.spec.ts" name="the ribbons obey the wedge like every other route &gt; marks a page beyond the tear, but not as reachable" time="0.066153042">
        </testcase>
    </testsuite>
    <testsuite name="tests/certainty.spec.ts" timestamp="2026-08-31T15:39:48.281Z" hostname="quyn28654s-Mac-mini.local" tests="11" failures="0" errors="0" skipped="0" time="0.030183416">
        <testcase classname="tests/certainty.spec.ts" name="TASK-021 — certainty badges &gt; has a label for every rung of the ladder, in ladder order" time="0.001283792">
        </testcase>
        <testcase classname="tests/certainty.spec.ts" name="TASK-021 — certainty badges &gt; matches the glossary word for word" time="0.000689334">
        </testcase>
        <testcase classname="tests/certainty.spec.ts" name="TASK-021 — certainty badges &gt; does not rely on colour alone — every label carries a word and a distinct glyph" time="0.00161775">
        </testcase>
        <testcase classname="tests/certainty.spec.ts" name="TASK-021 — certainty badges &gt; meets WCAG AA against its own background and against the page" time="0.002539959">
        </testcase>
        <testcase classname="tests/certainty.spec.ts" name="TASK-021 — certainty badges &gt; keeps the ladder distinguishable without colour, by luminance order" time="0.000752458">
        </testcase>
        <testcase classname="tests/certainty.spec.ts" name="TASK-034 — the same ladder after dark &gt; meets WCAG AA against the forest ground" time="0.004787209">
        </testcase>
        <testcase classname="tests/certainty.spec.ts" name="TASK-034 — the same ladder after dark &gt; keeps the rungs apart in greyscale here too" time="0.001803833">
        </testcase>
        <testcase classname="tests/certainty.spec.ts" name="TASK-034 — the same ladder after dark &gt; covers the same five rungs as the light palette, and no more" time="0.002897917">
        </testcase>
        <testcase classname="tests/certainty.spec.ts" name="TASK-041 — the paper the book is printed on &gt; carries its own ink at WCAG AA, because cream is not the app’s white" time="0.001269542">
        </testcase>
        <testcase classname="tests/certainty.spec.ts" name="TASK-041 — the paper the book is printed on &gt; keeps even the quiet label legible" time="0.003494833">
        </testcase>
        <testcase classname="tests/certainty.spec.ts" name="TASK-041 — the paper the book is printed on &gt; still meets AA for every certainty badge printed on it" time="0.000592875">
        </testcase>
    </testsuite>
    <testsuite name="tests/conflict.spec.ts" timestamp="2026-08-31T15:39:48.282Z" hostname="quyn28654s-Mac-mini.local" tests="9" failures="0" errors="0" skipped="0" time="7.449440625">
        <testcase classname="tests/conflict.spec.ts" name="TASK-014 — detecting and recording conflicts &gt; refuses a conflict the data does not support, and writes nothing" time="6.447512167">
        </testcase>
        <testcase classname="tests/conflict.spec.ts" name="TASK-014 — detecting and recording conflicts &gt; joins three disagreeing recollections into ONE conflict, not three pairs" time="0.165062583">
        </testcase>
        <testcase classname="tests/conflict.spec.ts" name="TASK-014 — detecting and recording conflicts &gt; leaves no path for an agent to close a conflict" time="0.117502667">
        </testcase>
        <testcase classname="tests/conflict.spec.ts" name="TASK-014 — detecting and recording conflicts &gt; does not report two compatible claims about different places as a contradiction" time="0.073537083">
        </testcase>
        <testcase classname="tests/conflict.spec.ts" name="TASK-009 — the audit trail &gt; loses both the command and its audit row when the write fails" time="0.1228635">
        </testcase>
        <testcase classname="tests/conflict.spec.ts" name="TASK-009 — the audit trail &gt; records a blocked operation, with its reason and the constraint that fired" time="0.117769292">
        </testcase>
        <testcase classname="tests/conflict.spec.ts" name="TASK-009 — the audit trail &gt; records a refusal raised before the database is touched" time="0.230021209">
        </testcase>
        <testcase classname="tests/conflict.spec.ts" name="TASK-009 — the audit trail &gt; stamps the actor from the database, not from what the caller claims" time="0.076483916">
        </testcase>
        <testcase classname="tests/conflict.spec.ts" name="TASK-009 — the audit trail &gt; lets the sequence of what happened be reconstructed in order" time="0.0957715">
        </testcase>
    </testsuite>
    <testsuite name="tests/core-loop.spec.ts" timestamp="2026-08-31T15:39:48.284Z" hostname="quyn28654s-Mac-mini.local" tests="4" failures="0" errors="0" skipped="0" time="6.929413292">
        <testcase classname="tests/core-loop.spec.ts" name="TASK-025 — the demo core in one pass &gt; runs the whole chain, and resolve_claim exists only in the middle of it" time="6.53325775">
        </testcase>
        <testcase classname="tests/core-loop.spec.ts" name="TASK-025 — the demo core in one pass &gt; records the full chain in the audit trail, with registered_because" time="0.182518958">
        </testcase>
        <testcase classname="tests/core-loop.spec.ts" name="TASK-008 — the button and the tool are the same function &gt; refuses a non-member claim identically down both paths" time="0.118012292">
        </testcase>
        <testcase classname="tests/core-loop.spec.ts" name="TASK-008 — the button and the tool are the same function &gt; leaves no half state when a command fails" time="0.094256542">
        </testcase>
    </testsuite>
    <testsuite name="tests/forest.spec.ts" timestamp="2026-08-31T15:39:48.284Z" hostname="quyn28654s-Mac-mini.local" tests="29" failures="0" errors="0" skipped="0" time="8.939686375">
        <testcase classname="tests/forest.spec.ts" name="one light per memory &gt; draws every spread and nothing else" time="6.321827584">
        </testcase>
        <testcase classname="tests/forest.spec.ts" name="one light per memory &gt; keeps a light in the same place across renders" time="0.107910959">
        </testcase>
        <testcase classname="tests/forest.spec.ts" name="one light per memory &gt; lays the memories out in the order the family lived them" time="0.145473375">
        </testcase>
        <testcase classname="tests/forest.spec.ts" name="one light per memory &gt; keeps every light inside the picture" time="0.12600175">
        </testcase>
        <testcase classname="tests/forest.spec.ts" name="colour carries certainty &gt; takes the weakest claim holding a memory up" time="0.121022333">
        </testcase>
        <testcase classname="tests/forest.spec.ts" name="colour carries certainty &gt; an open contradiction outranks whatever the claims said" time="0.195963083">
        </testcase>
        <testcase classname="tests/forest.spec.ts" name="colour carries certainty &gt; makes the contradiction findable without reading: it flickers faster than anything else" time="0.176946959">
        </testcase>
        <testcase classname="tests/forest.spec.ts" name="the forest is a route, so the wedge holds in it too &gt; lets a reader reach anything while nothing is torn" time="0.100784083">
        </testcase>
        <testcase classname="tests/forest.spec.ts" name="the forest is a route, so the wedge holds in it too &gt; darkens everything behind an open contradiction" time="0.1237735">
        </testcase>
        <testcase classname="tests/forest.spec.ts" name="the forest is a route, so the wedge holds in it too &gt; never darkens a memory already behind the reader" time="0.079450375">
        </testcase>
        <testcase classname="tests/forest.spec.ts" name="the forest is a route, so the wedge holds in it too &gt; lights up again once a person settles it" time="0.147865959">
        </testcase>
        <testcase classname="tests/forest.spec.ts" name="the unlit rings are the gaps &gt; draws nothing while nobody has asked anything" time="0.07970625">
        </testcase>
        <testcase classname="tests/forest.spec.ts" name="the unlit rings are the gaps &gt; appears the moment the agent asks instead of deciding" time="0.141073375">
        </testcase>
        <testcase classname="tests/forest.spec.ts" name="the unlit rings are the gaps &gt; an answered question is no longer a gap" time="0.116452708">
        </testcase>
        <testcase classname="tests/forest.spec.ts" name="the budget stated before building &gt; spends fewer lights and one glow layer on a phone" time="0.112636083">
        </testcase>
        <testcase classname="tests/forest.spec.ts" name="the budget stated before building &gt; plants fewer trees on a phone" time="0.110037583">
        </testcase>
        <testcase classname="tests/forest.spec.ts" name="depth &gt; moves the near plane visibly further than the far one" time="0.0724875">
        </testcase>
        <testcase classname="tests/forest.spec.ts" name="depth &gt; moves the scene against the pointer" time="0.038207125">
        </testcase>
        <testcase classname="tests/forest.spec.ts" name="the summary line &gt; reports the years the archive actually covers" time="0.039975583">
        </testcase>
        <testcase classname="tests/forest.spec.ts" name="the summary line &gt; says nothing rather than guessing when no year is known" time="0.040985083">
        </testcase>
        <testcase classname="tests/forest.spec.ts" name="placement &gt; hashes into the unit interval" time="0.042255667">
        </testcase>
        <testcase classname="tests/forest.spec.ts" name="TASK-037 — the forest explains itself, or not at all &gt; carries no instruction copy in either language" time="0.034693125">
        </testcase>
        <testcase classname="tests/forest.spec.ts" name="TASK-037 — the forest explains itself, or not at all &gt; still names every light for someone who cannot see it" time="0.046809209">
        </testcase>
        <testcase classname="tests/forest.spec.ts" name="TASK-040 — a light has to be reachable by a hand &gt; asks for a target no smaller than the accessible floor" time="0.103997125">
        </testcase>
        <testcase classname="tests/forest.spec.ts" name="TASK-040 — a light has to be reachable by a hand &gt; keeps every light well inside the travel the forest allows" time="0.059685041">
        </testcase>
        <testcase classname="tests/forest.spec.ts" name="TASK-040 — walking the forest, not leaning at it &gt; carries the scene further the further the hand goes" time="0.059667083">
        </testcase>
        <testcase classname="tests/forest.spec.ts" name="TASK-040 — walking the forest, not leaning at it &gt; moves the scenery further than the lights, so depth survives the walk" time="0.071912792">
        </testcase>
        <testcase classname="tests/forest.spec.ts" name="TASK-040 — walking the forest, not leaning at it &gt; refuses to carry the forest off its own edge" time="0.056474667">
        </testcase>
        <testcase classname="tests/forest.spec.ts" name="TASK-040 — walking the forest, not leaning at it &gt; leaves a short drag exactly where it was put" time="0.05854">
        </testcase>
    </testsuite>
    <testsuite name="tests/forestGaps.spec.ts" timestamp="2026-08-31T15:39:48.289Z" hostname="quyn28654s-Mac-mini.local" tests="10" failures="0" errors="0" skipped="0" time="2.615471209">
        <testcase classname="tests/forestGaps.spec.ts" name="where an empty spot comes from &gt; finds them without the agent having asked anything" time="2.23106075">
        </testcase>
        <testcase classname="tests/forestGaps.spec.ts" name="where an empty spot comes from &gt; stands each one in a run the archive genuinely has nothing for" time="0.043195667">
        </testcase>
        <testcase classname="tests/forestGaps.spec.ts" name="where an empty spot comes from &gt; does not call an ordinary run of years a silence" time="0.040676709">
        </testcase>
        <testcase classname="tests/forestGaps.spec.ts" name="where an empty spot comes from &gt; says nothing at all about an archive with one memory or none" time="0.021205416">
        </testcase>
        <testcase classname="tests/forestGaps.spec.ts" name="where an empty spot comes from &gt; lays them along the same timeline the memories use" time="0.041242417">
        </testcase>
        <testcase classname="tests/forestGaps.spec.ts" name="where an empty spot comes from &gt; closes the one it was filling" time="0.052307167">
        </testcase>
        <testcase classname="tests/forestGaps.spec.ts" name="what writing into a silence is allowed to claim &gt; records that a person told a story, and nothing more" time="0.044560625">
        </testcase>
        <testcase classname="tests/forestGaps.spec.ts" name="what writing into a silence is allowed to claim &gt; becomes a light in the forest" time="0.050377542">
        </testcase>
        <testcase classname="tests/forestGaps.spec.ts" name="what writing into a silence is allowed to claim &gt; refuses a memory with no words, no teller, or no year" time="0.042879">
        </testcase>
        <testcase classname="tests/forestGaps.spec.ts" name="what writing into a silence is allowed to claim &gt; writes the claim and the account together, or neither" time="0.046077125">
        </testcase>
    </testsuite>
    <testsuite name="tests/handlers.spec.ts" timestamp="2026-08-31T15:39:48.290Z" hostname="quyn28654s-Mac-mini.local" tests="9" failures="0" errors="0" skipped="0" time="7.338698708">
        <testcase classname="tests/handlers.spec.ts" name="TASK-011 — the eight handlers &gt; implements every tool the contract advertises" time="6.23761075">
        </testcase>
        <testcase classname="tests/handlers.spec.ts" name="TASK-011 — the eight handlers &gt; turns badly typed arguments into a structured error, not a crash" time="0.160368542">
        </testcase>
        <testcase classname="tests/handlers.spec.ts" name="TASK-011 — the eight handlers &gt; keeps the fields the descriptor advertises instead of dropping them" time="0.18610075">
        </testcase>
        <testcase classname="tests/handlers.spec.ts" name="TASK-011 — the eight handlers &gt; reports the certainty the row actually got, not a hardcoded one" time="0.072386666">
        </testcase>
        <testcase classname="tests/handlers.spec.ts" name="TASK-011 — the eight handlers &gt; says a disagreement exists without saying which claim is right" time="0.124223916">
        </testcase>
        <testcase classname="tests/handlers.spec.ts" name="TASK-011 — the eight handlers &gt; flag_conflict returns the claims in dispute and no winner" time="0.135288791">
        </testcase>
        <testcase classname="tests/handlers.spec.ts" name="TASK-023 — a story card cannot overstate itself &gt; carries the weakest label among the claims it stands on" time="0.121905709">
        </testcase>
        <testcase classname="tests/handlers.spec.ts" name="TASK-023 — a story card cannot overstate itself &gt; is not swayed by how well the card is written" time="0.158950292">
        </testcase>
        <testcase classname="tests/handlers.spec.ts" name="TASK-023 — a story card cannot overstate itself &gt; refuses to cite a claim that does not exist" time="0.139913458">
        </testcase>
    </testsuite>
    <testsuite name="tests/i18n.spec.ts" timestamp="2026-08-31T15:39:48.291Z" hostname="quyn28654s-Mac-mini.local" tests="8" failures="0" errors="0" skipped="0" time="0.03018925">
        <testcase classname="tests/i18n.spec.ts" name="the resource files &gt; carry the same keys in both languages" time="0.003912625">
        </testcase>
        <testcase classname="tests/i18n.spec.ts" name="the resource files &gt; has no empty string anywhere" time="0.011572375">
        </testcase>
        <testcase classname="tests/i18n.spec.ts" name="the resource files &gt; translates the same key differently in the two languages" time="0.001083333">
        </testcase>
        <testcase classname="tests/i18n.spec.ts" name="i18next itself &gt; resolves a key in both languages" time="0.004366417">
        </testcase>
        <testcase classname="tests/i18n.spec.ts" name="i18next itself &gt; interpolates the circa year rather than concatenating it by hand" time="0.0011635">
        </testcase>
        <testcase classname="tests/i18n.spec.ts" name="i18next itself &gt; uses real plural rules, not a hand-written pair" time="0.004518667">
        </testcase>
        <testcase classname="tests/i18n.spec.ts" name="i18next itself &gt; falls back to Vietnamese, because English is the translation here" time="0.001222625">
        </testcase>
        <testcase classname="tests/i18n.spec.ts" name="i18next itself &gt; narrows a regional tag to a supported language" time="0.000652834">
        </testcase>
    </testsuite>
    <testsuite name="tests/modelContext.spec.ts" timestamp="2026-08-31T15:39:48.292Z" hostname="quyn28654s-Mac-mini.local" tests="5" failures="0" errors="0" skipped="0" time="0.003049959">
        <testcase classname="tests/modelContext.spec.ts" name="ModelContextBridge.provide — per-tool fallback &gt; withdraws a tool that is no longer in the set" time="0.001232417">
        </testcase>
        <testcase classname="tests/modelContext.spec.ts" name="ModelContextBridge.provide — per-tool fallback &gt; does not unregister a tool that is still current" time="0.000265458">
        </testcase>
        <testcase classname="tests/modelContext.spec.ts" name="ModelContextBridge.provide — per-tool fallback &gt; survives three successive sets without leaking a stale tool" time="0.00011375">
        </testcase>
        <testcase classname="tests/modelContext.spec.ts" name="ModelContextBridge.provide — whole-set host &gt; hands over exactly the current set, replacing the last one" time="0.000107625">
        </testcase>
        <testcase classname="tests/modelContext.spec.ts" name="ModelContextBridge — no host at all &gt; still records the set so the manual tool panel can render it" time="0.0001165">
        </testcase>
    </testsuite>
    <testsuite name="tests/navigation.spec.ts" timestamp="2026-08-31T15:39:48.292Z" hostname="quyn28654s-Mac-mini.local" tests="6" failures="0" errors="0" skipped="0" time="7.663297541">
        <testcase classname="tests/navigation.spec.ts" name="the road has somewhere to go &gt; offers more than one station before anything is torn" time="7.076645083">
        </testcase>
        <testcase classname="tests/navigation.spec.ts" name="the road has somewhere to go &gt; travels forward station by station while the way is clear" time="0.151692083">
        </testcase>
        <testcase classname="tests/navigation.spec.ts" name="the wedge refuses every route &gt; stops forward travel at the tear" time="0.141159584">
        </testcase>
        <testcase classname="tests/navigation.spec.ts" name="the wedge refuses every route &gt; stops the SPINE at the tear too — the bug this file exists for" time="0.08472025">
        </testcase>
        <testcase classname="tests/navigation.spec.ts" name="the wedge refuses every route &gt; never traps the reader — backward is always allowed" time="0.077913541">
        </testcase>
        <testcase classname="tests/navigation.spec.ts" name="the wedge refuses every route &gt; opens the way again once a person settles it" time="0.129805583">
        </testcase>
    </testsuite>
    <testsuite name="tests/pageturn.spec.ts" timestamp="2026-08-31T15:39:48.293Z" hostname="quyn28654s-Mac-mini.local" tests="15" failures="0" errors="0" skipped="0" time="0.005483208">
        <testcase classname="tests/pageturn.spec.ts" name="how far the page has been pulled &gt; is a full turn at half the width, in either direction" time="0.00123625">
        </testcase>
        <testcase classname="tests/pageturn.spec.ts" name="how far the page has been pulled &gt; never runs past a full turn, however far the hand goes" time="0.000182292">
        </testcase>
        <testcase classname="tests/pageturn.spec.ts" name="how far the page has been pulled &gt; is nothing at all before the hand has moved" time="0.000105">
        </testcase>
        <testcase classname="tests/pageturn.spec.ts" name="how far the page has been pulled &gt; refuses to divide by a book with no width" time="0.000089416">
        </testcase>
        <testcase classname="tests/pageturn.spec.ts" name="when a pull becomes a turn &gt; commits past the threshold and springs back below it" time="0.000762041">
        </testcase>
        <testcase classname="tests/pageturn.spec.ts" name="when a pull becomes a turn &gt; asks for more than a third of the page, so a scroll is never a turn" time="0.000803125">
        </testcase>
        <testcase classname="tests/pageturn.spec.ts" name="when a pull becomes a turn &gt; reads a leftward pull as going forward, the way a right-hand page does" time="0.000187875">
        </testcase>
        <testcase classname="tests/pageturn.spec.ts" name="the lifted leaf &gt; lies flat at rest" time="0.000184625">
        </testcase>
        <testcase classname="tests/pageturn.spec.ts" name="the lifted leaf &gt; opens away from the reader when pulled forward, and towards them when pulled back" time="0.000205625">
        </testcase>
        <testcase classname="tests/pageturn.spec.ts" name="the lifted leaf &gt; stops short of flat against the other page, so the fold stays visible" time="0.000103791">
        </testcase>
        <testcase classname="tests/pageturn.spec.ts" name="the lifted leaf &gt; tracks the hand rather than snapping" time="0.000051333">
        </testcase>
        <testcase classname="tests/pageturn.spec.ts" name="shutting the book instead of turning a page &gt; shuts when the hand is pulled down past a quarter of the height" time="0.000058417">
        </testcase>
        <testcase classname="tests/pageturn.spec.ts" name="shutting the book instead of turning a page &gt; never shuts on an upward drag" time="0.00003875">
        </testcase>
        <testcase classname="tests/pageturn.spec.ts" name="shutting the book instead of turning a page &gt; turns rather than shuts when the hand went further sideways" time="0.0000455">
        </testcase>
        <testcase classname="tests/pageturn.spec.ts" name="shutting the book instead of turning a page &gt; does not shut a book that has not been laid out yet" time="0.000024833">
        </testcase>
    </testsuite>
    <testsuite name="tests/panels.spec.ts" timestamp="2026-08-31T15:39:48.294Z" hostname="quyn28654s-Mac-mini.local" tests="7" failures="0" errors="0" skipped="0" time="0.006351792">
        <testcase classname="tests/panels.spec.ts" name="TASK-024 — the audit panel &gt; has a readable sentence for every tool an agent can call" time="0.001358292">
        </testcase>
        <testcase classname="tests/panels.spec.ts" name="TASK-024 — the audit panel &gt; has one for the commands that are not tools but still audit" time="0.000340792">
        </testcase>
        <testcase classname="tests/panels.spec.ts" name="TASK-024 — the audit panel &gt; phrases every operation in both languages" time="0.001961209">
        </testcase>
        <testcase classname="tests/panels.spec.ts" name="TASK-024 — the audit panel &gt; never renders the raw args object into the sentence" time="0.000193042">
        </testcase>
        <testcase classname="tests/panels.spec.ts" name="TASK-022 — the evidence panel &gt; orders a contradicting source before a supporting one" time="0.000894542">
        </testcase>
        <testcase classname="tests/panels.spec.ts" name="TASK-022 — the evidence panel &gt; renders verbatim as its own node, with nothing that could clip it" time="0.000225708">
        </testcase>
        <testcase classname="tests/panels.spec.ts" name="TASK-022 — the evidence panel &gt; labels every stance and source kind in both languages" time="0.000272208">
        </testcase>
    </testsuite>
    <testsuite name="tests/photoDate.spec.ts" timestamp="2026-08-31T15:39:48.294Z" hostname="quyn28654s-Mac-mini.local" tests="15" failures="0" errors="0" skipped="0" time="0.008067875">
        <testcase classname="tests/photoDate.spec.ts" name="sniffing a file by what it is, not what it is called &gt; knows a JPEG, a PNG and a JSON sidecar" time="0.001369208">
        </testcase>
        <testcase classname="tests/photoDate.spec.ts" name="sniffing a file by what it is, not what it is called &gt; sees past leading whitespace and a BOM on a sidecar" time="0.000148833">
        </testcase>
        <testcase classname="tests/photoDate.spec.ts" name="sniffing a file by what it is, not what it is called &gt; says nothing rather than guessing" time="0.000079959">
        </testcase>
        <testcase classname="tests/photoDate.spec.ts" name="reading the shutter time out of a JPEG &gt; reads it in little-endian, which is what a phone writes" time="0.000660375">
        </testcase>
        <testcase classname="tests/photoDate.spec.ts" name="reading the shutter time out of a JPEG &gt; reads it in big-endian too — the byte-order mark is not decoration" time="0.000237375">
        </testcase>
        <testcase classname="tests/photoDate.spec.ts" name="reading the shutter time out of a JPEG &gt; returns nothing for a JPEG that carries no EXIF" time="0.000219958">
        </testcase>
        <testcase classname="tests/photoDate.spec.ts" name="reading the shutter time out of a JPEG &gt; refuses a file that is not a JPEG at all" time="0.000132708">
        </testcase>
        <testcase classname="tests/photoDate.spec.ts" name="reading the shutter time out of a JPEG &gt; does not walk off the end of a truncated file" time="0.001209791">
        </testcase>
        <testcase classname="tests/photoDate.spec.ts" name="the year &gt; comes out of EXIF’s own colon-separated date" time="0.000241291">
        </testcase>
        <testcase classname="tests/photoDate.spec.ts" name="the year &gt; is nothing when the string is not a date" time="0.000360333">
        </testcase>
        <testcase classname="tests/photoDate.spec.ts" name="the year &gt; comes out of a Takeout sidecar’s attested capture time" time="0.000790583">
        </testcase>
        <testcase classname="tests/photoDate.spec.ts" name="the year &gt; is nothing when the sidecar has no capture time" time="0.00089425">
        </testcase>
        <testcase classname="tests/photoDate.spec.ts" name="what a photograph is allowed to say &gt; supports a claim whose year it matches" time="0.000127416">
        </testcase>
        <testcase classname="tests/photoDate.spec.ts" name="what a photograph is allowed to say &gt; contradicts one it does not — which is the archive working, not breaking" time="0.000054959">
        </testcase>
        <testcase classname="tests/photoDate.spec.ts" name="what a photograph is allowed to say &gt; says only that it was mentioned when either year is unknown" time="0.000160333">
        </testcase>
    </testsuite>
    <testsuite name="tests/refusal.spec.ts" timestamp="2026-08-31T15:39:48.295Z" hostname="quyn28654s-Mac-mini.local" tests="7" failures="0" errors="0" skipped="0" time="7.662199">
        <testcase classname="tests/refusal.spec.ts" name="the refusal is a consequence of state, never a decoration &gt; does not exist until a conflict is open" time="6.790258292">
        </testcase>
        <testcase classname="tests/refusal.spec.ts" name="the refusal is a consequence of state, never a decoration &gt; appears the moment one is flagged, on that spread and no other" time="0.101553584">
        </testcase>
        <testcase classname="tests/refusal.spec.ts" name="the refusal is a consequence of state, never a decoration &gt; is gone the moment a person settles it" time="0.188207125">
        </testcase>
        <testcase classname="tests/refusal.spec.ts" name="neither claim is favoured &gt; puts both on the page with nothing marking a winner" time="0.218968334">
        </testcase>
        <testcase classname="tests/refusal.spec.ts" name="the button a person presses &gt; reaches a function the agent is refused at, and the refusal is recorded" time="0.164340625">
        </testcase>
        <testcase classname="tests/refusal.spec.ts" name="the button a person presses &gt; succeeds for a person, and writes the name into the record" time="0.110724042">
        </testcase>
        <testcase classname="tests/refusal.spec.ts" name="what the page says &gt; names the refusal and the gesture in both languages" time="0.082602917">
        </testcase>
    </testsuite>
    <testsuite name="tests/registry.spec.ts" timestamp="2026-08-31T15:39:48.296Z" hostname="quyn28654s-Mac-mini.local" tests="7" failures="0" errors="0" skipped="0" time="0.005506792">
        <testcase classname="tests/registry.spec.ts" name="toolsFor(uiState) &gt; always exposes the five base tools" time="0.001635291">
        </testcase>
        <testcase classname="tests/registry.spec.ts" name="toolsFor(uiState) &gt; does not expose flag_conflict for a subject with no disagreement" time="0.000850375">
        </testcase>
        <testcase classname="tests/registry.spec.ts" name="toolsFor(uiState) &gt; exposes flag_conflict once the open subject has a disagreement" time="0.001066375">
        </testcase>
        <testcase classname="tests/registry.spec.ts" name="toolsFor(uiState) &gt; does NOT expose resolve_claim merely because a person is open" time="0.000238584">
        </testcase>
        <testcase classname="tests/registry.spec.ts" name="toolsFor(uiState) &gt; exposes resolve_claim only while that conflict is on screen" time="0.000311041">
        </testcase>
        <testcase classname="tests/registry.spec.ts" name="toolsFor(uiState) &gt; withdraws resolve_claim once the conflict is closed" time="0.000091">
        </testcase>
        <testcase classname="tests/registry.spec.ts" name="toolsFor(uiState) &gt; drops all three conditional tools on returning to the archive" time="0.000103833">
        </testcase>
    </testsuite>
    <testsuite name="tests/spreads.spec.ts" timestamp="2026-08-31T15:39:48.297Z" hostname="quyn28654s-Mac-mini.local" tests="8" failures="0" errors="0" skipped="0" time="7.42983475">
        <testcase classname="tests/spreads.spec.ts" name="spreads — the spine &gt; puts the two disputed claims on ONE spread, not two" time="6.190220792">
        </testcase>
        <testcase classname="tests/spreads.spec.ts" name="spreads — the spine &gt; gives the road somewhere to go" time="0.165770042">
        </testcase>
        <testcase classname="tests/spreads.spec.ts" name="spreads — the spine &gt; gives a different assertion its own spread" time="0.243617875">
        </testcase>
        <testcase classname="tests/spreads.spec.ts" name="spreads — the spine &gt; orders the spine by year" time="0.18811675">
        </testcase>
        <testcase classname="tests/spreads.spec.ts" name="TASK-018 — the tear appears if and only if a conflict is open &gt; is absent while the disagreement is merely latent" time="0.124549">
        </testcase>
        <testcase classname="tests/spreads.spec.ts" name="TASK-018 — the tear appears if and only if a conflict is open &gt; appears once the conflict is recorded" time="0.156884125">
        </testcase>
        <testcase classname="tests/spreads.spec.ts" name="TASK-018 — the tear appears if and only if a conflict is open &gt; shows both competing claims, with no winner marked in the data" time="0.210943542">
        </testcase>
        <testcase classname="tests/spreads.spec.ts" name="TASK-019 — healing &gt; heals only once the conflict is resolved, and names the person" time="0.14533">
        </testcase>
    </testsuite>
</testsuites>
